Determining if the pthread_create exist failed with the following output:
Change Dir: /home/alien/2202CD/px_ws/build/mavros/CMakeFiles/CMakeTmp

Run Build Command:"/usr/bin/make" "cmTC_79e40/fast"
/usr/bin/make -f CMakeFiles/cmTC_79e40.dir/build.make CMakeFiles/cmTC_79e40.dir/build
make[1]: Entering directory '/home/alien/2202CD/px_ws/build/mavros/CMakeFiles/CMakeTmp'
Building C object CMakeFiles/cmTC_79e40.dir/CheckSymbolExists.c.o
/usr/bin/cc    -o CMakeFiles/cmTC_79e40.dir/CheckSymbolExists.c.o   -c /home/alien/2202CD/px_ws/build/mavros/CMakeFiles/CMakeTmp/CheckSymbolExists.c
Linking C executable cmTC_79e40
/usr/bin/cmake -E cmake_link_script CMakeFiles/cmTC_79e40.dir/link.txt --verbose=1
/usr/bin/cc      -rdynamic CMakeFiles/cmTC_79e40.dir/CheckSymbolExists.c.o  -o cmTC_79e40 
CMakeFiles/cmTC_79e40.dir/CheckSymbolExists.c.o: In function `main':
CheckSymbolExists.c:(.text+0x1b): undefined reference to `pthread_create'
collect2: error: ld returned 1 exit status
CMakeFiles/cmTC_79e40.dir/build.make:97: recipe for target 'cmTC_79e40' failed
make[1]: *** [cmTC_79e40] Error 1
make[1]: Leaving directory '/home/alien/2202CD/px_ws/build/mavros/CMakeFiles/CMakeTmp'
Makefile:126: recipe for target 'cmTC_79e40/fast' failed
make: *** [cmTC_79e40/fast] Error 2

File /home/alien/2202CD/px_ws/build/mavros/CMakeFiles/CMakeTmp/CheckSymbolExists.c:
/* */
#include <pthread.h>

int main(int argc, char** argv)
{
  (void)argv;
#ifndef pthread_create
  return ((int*)(&pthread_create))[argc];
#else
  (void)argc;
  return 0;
#endif
}

Determining if the function pthread_create exists in the pthreads failed with the following output:
Change Dir: /home/alien/2202CD/px_ws/build/mavros/CMakeFiles/CMakeTmp

Run Build Command:"/usr/bin/make" "cmTC_24403/fast"
/usr/bin/make -f CMakeFiles/cmTC_24403.dir/build.make CMakeFiles/cmTC_24403.dir/build
make[1]: Entering directory '/home/alien/2202CD/px_ws/build/mavros/CMakeFiles/CMakeTmp'
Building C object CMakeFiles/cmTC_24403.dir/CheckFunctionExists.c.o
/usr/bin/cc   -DCHECK_FUNCTION_EXISTS=pthread_create   -o CMakeFiles/cmTC_24403.dir/CheckFunctionExists.c.o   -c /usr/share/cmake-3.10/Modules/CheckFunctionExists.c
Linking C executable cmTC_24403
/usr/bin/cmake -E cmake_link_script CMakeFiles/cmTC_24403.dir/link.txt --verbose=1
/usr/bin/cc  -DCHECK_FUNCTION_EXISTS=pthread_create    -rdynamic CMakeFiles/cmTC_24403.dir/CheckFunctionExists.c.o  -o cmTC_24403 -lpthreads 
/usr/bin/ld: cannot find -lpthreads
collect2: error: ld returned 1 exit status
CMakeFiles/cmTC_24403.dir/build.make:97: recipe for target 'cmTC_24403' failed
make[1]: *** [cmTC_24403] Error 1
make[1]: Leaving directory '/home/alien/2202CD/px_ws/build/mavros/CMakeFiles/CMakeTmp'
Makefile:126: recipe for target 'cmTC_24403/fast' failed
make: *** [cmTC_24403/fast] Error 2


